\BOOKMARK [1][-]{section.1}{Introduction}{}% 1
\BOOKMARK [2][-]{subsection.1.1}{Summary}{section.1}% 2
\BOOKMARK [2][-]{subsection.1.2}{Thesis Statement}{section.1}% 3
\BOOKMARK [2][-]{subsection.1.3}{Methodology}{section.1}% 4
\BOOKMARK [1][-]{section.2}{Trade up to the age of Islam}{}% 5
\BOOKMARK [2][-]{subsection.2.1}{Traded goods}{section.2}% 6
\BOOKMARK [3][-]{subsubsection.2.1.1}{Spice}{subsection.2.1}% 7
\BOOKMARK [3][-]{subsubsection.2.1.2}{Precious stones}{subsection.2.1}% 8
\BOOKMARK [3][-]{subsubsection.2.1.3}{Silk}{subsection.2.1}% 9
\BOOKMARK [2][-]{subsection.2.2}{Trade routes}{section.2}% 10
\BOOKMARK [3][-]{subsubsection.2.2.1}{To India from Indonesia}{subsection.2.2}% 11
\BOOKMARK [3][-]{subsubsection.2.2.2}{From China}{subsection.2.2}% 12
\BOOKMARK [3][-]{subsubsection.2.2.3}{India as a trade nexus}{subsection.2.2}% 13
\BOOKMARK [3][-]{subsubsection.2.2.4}{From India to Europe}{subsection.2.2}% 14
\BOOKMARK [3][-]{subsubsection.2.2.5}{Development under the Romans}{subsection.2.2}% 15
\BOOKMARK [1][-]{section.3}{Networks of Trade up to the Age of Discovery}{}% 16
\BOOKMARK [2][-]{subsection.3.1}{Changes in Arabia and the middle east}{section.3}% 17
\BOOKMARK [3][-]{subsubsection.3.1.1}{Beginnings of the Arabic empire}{subsection.3.1}% 18
\BOOKMARK [3][-]{subsubsection.3.1.2}{The Abbasid caliphate}{subsection.3.1}% 19
\BOOKMARK [3][-]{subsubsection.3.1.3}{Cultural influences on trade}{subsection.3.1}% 20
\BOOKMARK [3][-]{subsubsection.3.1.4}{Changing trade routes}{subsection.3.1}% 21
\BOOKMARK [2][-]{subsection.3.2}{India}{section.3}% 22
\BOOKMARK [3][-]{subsubsection.3.2.1}{Political structure during the middle ages}{subsection.3.2}% 23
\BOOKMARK [3][-]{subsubsection.3.2.2}{Cultural transfers from the west}{subsection.3.2}% 24
\BOOKMARK [3][-]{subsubsection.3.2.3}{Spice production}{subsection.3.2}% 25
\BOOKMARK [2][-]{subsection.3.3}{Europe}{section.3}% 26
\BOOKMARK [3][-]{subsubsection.3.3.1}{Venice}{subsection.3.3}% 27
\BOOKMARK [1][-]{section.4}{From the discovery of a seaway to India to trading companies}{}% 28
\BOOKMARK [2][-]{subsection.4.1}{Portuguese expeditions and colonies}{section.4}% 29
\BOOKMARK [3][-]{subsubsection.4.1.1}{The first voyage}{subsection.4.1}% 30
\BOOKMARK [3][-]{subsubsection.4.1.2}{The second voyage}{subsection.4.1}% 31
\BOOKMARK [3][-]{subsubsection.4.1.3}{The Estado da India}{subsection.4.1}% 32
\BOOKMARK [2][-]{subsection.4.2}{The Mughal empire}{section.4}% 33
\BOOKMARK [3][-]{subsubsection.4.2.1}{Early history}{subsection.4.2}% 34
\BOOKMARK [3][-]{subsubsection.4.2.2}{Expansion and begin of decline}{subsection.4.2}% 35
\BOOKMARK [3][-]{subsubsection.4.2.3}{Aurangzeb}{subsection.4.2}% 36
\BOOKMARK [3][-]{subsubsection.4.2.4}{Decline}{subsection.4.2}% 37
\BOOKMARK [2][-]{subsection.4.3}{The East India Company}{section.4}% 38
\BOOKMARK [3][-]{subsubsection.4.3.1}{Founding}{subsection.4.3}% 39
\BOOKMARK [3][-]{subsubsection.4.3.2}{First posts in India}{subsection.4.3}% 40
\BOOKMARK [3][-]{subsubsection.4.3.3}{Trade with India}{subsection.4.3}% 41
\BOOKMARK [3][-]{subsubsection.4.3.4}{Competitors}{subsection.4.3}% 42
\BOOKMARK [1][-]{section.5}{India as a colony}{}% 43
\BOOKMARK [2][-]{subsection.5.1}{Motives and opportunities for colonization}{section.5}% 44
\BOOKMARK [2][-]{subsection.5.2}{British military conquests}{section.5}% 45
\BOOKMARK [3][-]{subsubsection.5.2.1}{Bengal}{subsection.5.2}% 46
\BOOKMARK [3][-]{subsubsection.5.2.2}{Other Indian rulers}{subsection.5.2}% 47
\BOOKMARK [3][-]{subsubsection.5.2.3}{Serious challenges}{subsection.5.2}% 48
\BOOKMARK [2][-]{subsection.5.3}{Tea}{section.5}% 49
\BOOKMARK [1][-]{section.6}{Analysis}{}% 50
\BOOKMARK [1][-]{section.7}{Conclusion}{}% 51
